<?xml version="1.0" encoding="UTF-8"?>
<!-- Generated by org.testng.reporters.JUnitXMLReporter -->
<testsuite ignored="0" hostname="Niveen" failures="1" tests="1" name="Default test" time="24.797" errors="0" timestamp="2022-12-01T11:37:42 AST">
  <testcase classname="com.opensooq.search.SearchCar" name="serachForExactCar" time="9.435">
    <failure type="java.lang.AssertionError" message="The following asserts failed:
	expected [Kia Picanto 2017 in Amman] but found [Kia Niro 2017 in Amman],
	expected [Kia Picanto 2017 in Amman] but found [Kia Pride 2017 in Amman],
	expected [Kia Picanto 2017 in Amman] but found [Kia Forte 2010 in Irbid],
	expected [Kia Picanto 2017 in Amman] but found [Kia Cerato 2017 in Amman],
	expected [Kia Picanto 2017 in Amman] but found [Kia Picanto 2015 in Amman],
	expected [Kia Picanto 2017 in Amman] but found [Kia Niro 2020 in Amman],
	expected [Kia Picanto 2017 in Amman] but found [Kia Morning 2018 in Amman],
	expected [Kia Picanto 2017 in Amman] but found [Kia Morning 2020 in Amman],
	expected [Kia Picanto 2017 in Amman] but found [Kia Niro 2019 in Amman],
	expected [Kia Picanto 2017 in Amman] but found [Kia Optima K5 2018 in Amman],
	expected [Kia Picanto 2017 in Amman] but found [Kia Morning 2018 in Amman],
	expected [Kia Picanto 2017 in Amman] but found [Kia Niro 2020 in Amman],
	expected [Kia Picanto 2017 in Amman] but found [Kia Niro 2019 in Amman],
	expected [Kia Picanto 2017 in Amman] but found [Kia Optima 2017 in Zarqa],
	expected [Kia Picanto 2017 in Amman] but found [Kia Niro 2018 in Zarqa],
	expected [Kia Picanto 2017 in Amman] but found [Kia Morning 2017 in Amman],
	expected [Kia Picanto 2017 in Amman] but found [Kia Picanto 2018 in Amman],
	expected [Kia Picanto 2017 in Amman] but found [Kia K3 2019 in Amman],
	expected [Kia Picanto 2017 in Amman] but found [Kia K3 2019 in Zarqa],
	expected [Kia Picanto 2017 in Amman] but found [Kia K3 2019 in Amman],
	expected [Kia Picanto 2017 in Amman] but found [Kia K3 2022 in Zarqa],
	expected [Kia Picanto 2017 in Amman] but found [Kia K3 2018 in Zarqa],
	expected [Kia Picanto 2017 in Amman] but found [Kia Picanto 2018 in Amman],
	expected [Kia Picanto 2017 in Amman] but found [Kia Niro 2017 in Amman],
	expected [Kia Picanto 2017 in Amman] but found [Kia Optima 2017 in Zarqa],
	expected [Kia Picanto 2017 in Amman] but found [Kia Niro 2017 in Amman],
	expected [Kia Picanto 2017 in Amman] but found [Kia Niro 2017 in Amman]">
      <![CDATA[java.lang.AssertionError: The following asserts failed:
expected [Kia Picanto 2017 in Amman] but found [Kia Niro 2017 in Amman],
expected [Kia Picanto 2017 in Amman] but found [Kia Pride 2017 in Amman],
expected [Kia Picanto 2017 in Amman] but found [Kia Forte 2010 in Irbid],
expected [Kia Picanto 2017 in Amman] but found [Kia Cerato 2017 in Amman],
expected [Kia Picanto 2017 in Amman] but found [Kia Picanto 2015 in Amman],
expected [Kia Picanto 2017 in Amman] but found [Kia Niro 2020 in Amman],
expected [Kia Picanto 2017 in Amman] but found [Kia Morning 2018 in Amman],
expected [Kia Picanto 2017 in Amman] but found [Kia Morning 2020 in Amman],
expected [Kia Picanto 2017 in Amman] but found [Kia Niro 2019 in Amman],
expected [Kia Picanto 2017 in Amman] but found [Kia Optima K5 2018 in Amman],
expected [Kia Picanto 2017 in Amman] but found [Kia Morning 2018 in Amman],
expected [Kia Picanto 2017 in Amman] but found [Kia Niro 2020 in Amman],
expected [Kia Picanto 2017 in Amman] but found [Kia Niro 2019 in Amman],
expected [Kia Picanto 2017 in Amman] but found [Kia Optima 2017 in Zarqa],
expected [Kia Picanto 2017 in Amman] but found [Kia Niro 2018 in Zarqa],
expected [Kia Picanto 2017 in Amman] but found [Kia Morning 2017 in Amman],
expected [Kia Picanto 2017 in Amman] but found [Kia Picanto 2018 in Amman],
expected [Kia Picanto 2017 in Amman] but found [Kia K3 2019 in Amman],
expected [Kia Picanto 2017 in Amman] but found [Kia K3 2019 in Zarqa],
expected [Kia Picanto 2017 in Amman] but found [Kia K3 2019 in Amman],
expected [Kia Picanto 2017 in Amman] but found [Kia K3 2022 in Zarqa],
expected [Kia Picanto 2017 in Amman] but found [Kia K3 2018 in Zarqa],
expected [Kia Picanto 2017 in Amman] but found [Kia Picanto 2018 in Amman],
expected [Kia Picanto 2017 in Amman] but found [Kia Niro 2017 in Amman],
expected [Kia Picanto 2017 in Amman] but found [Kia Optima 2017 in Zarqa],
expected [Kia Picanto 2017 in Amman] but found [Kia Niro 2017 in Amman],
expected [Kia Picanto 2017 in Amman] but found [Kia Niro 2017 in Amman]
at org.testng.asserts.SoftAssert.assertAll(SoftAssert.java:46)
at org.testng.asserts.SoftAssert.assertAll(SoftAssert.java:30)
at com.opensooq.search.SearchCar.serachForExactCar(SearchCar.java:71)
at java.base/jdk.internal.reflect.DirectMethodHandleAccessor.invoke(DirectMethodHandleAccessor.java:104)
at java.base/java.lang.reflect.Method.invoke(Method.java:578)
at org.testng.internal.invokers.MethodInvocationHelper.invokeMethod(MethodInvocationHelper.java:139)
at org.testng.internal.invokers.TestInvoker.invokeMethod(TestInvoker.java:677)
at org.testng.internal.invokers.TestInvoker.invokeTestMethod(TestInvoker.java:221)
at org.testng.internal.invokers.MethodRunner.runInSequence(MethodRunner.java:50)
at org.testng.internal.invokers.TestInvoker$MethodInvocationAgent.invoke(TestInvoker.java:962)
at org.testng.internal.invokers.TestInvoker.invokeTestMethods(TestInvoker.java:194)
at org.testng.internal.invokers.TestMethodWorker.invokeTestMethods(TestMethodWorker.java:148)
at org.testng.internal.invokers.TestMethodWorker.run(TestMethodWorker.java:128)
at java.base/java.util.ArrayList.forEach(ArrayList.java:1511)
at org.testng.TestRunner.privateRun(TestRunner.java:806)
at org.testng.TestRunner.run(TestRunner.java:601)
at org.testng.SuiteRunner.runTest(SuiteRunner.java:433)
at org.testng.SuiteRunner.runSequentially(SuiteRunner.java:427)
at org.testng.SuiteRunner.privateRun(SuiteRunner.java:387)
at org.testng.SuiteRunner.run(SuiteRunner.java:330)
at org.testng.SuiteRunnerWorker.runSuite(SuiteRunnerWorker.java:52)
at org.testng.SuiteRunnerWorker.run(SuiteRunnerWorker.java:95)
at org.testng.TestNG.runSuitesSequentially(TestNG.java:1256)
at org.testng.TestNG.runSuitesLocally(TestNG.java:1176)
at org.testng.TestNG.runSuites(TestNG.java:1099)
at org.testng.TestNG.run(TestNG.java:1067)
at org.testng.remote.AbstractRemoteTestNG.run(AbstractRemoteTestNG.java:115)
at org.testng.remote.RemoteTestNG.initAndRun(RemoteTestNG.java:251)
at org.testng.remote.RemoteTestNG.main(RemoteTestNG.java:77)
]]>
    </failure>
  </testcase> <!-- serachForExactCar -->
</testsuite> <!-- Default test -->
