<?xml version="1.0" encoding="UTF-8"?>
<testng-results ignored="0" total="1" passed="0" failed="1" skipped="0">
  <reporter-output>
  </reporter-output>
  <suite started-at="2022-12-01T10:55:32 AST" name="Default suite" finished-at="2022-12-01T10:55:44 AST" duration-ms="11475">
    <groups>
    </groups>
    <test started-at="2022-12-01T10:55:32 AST" name="Default test" finished-at="2022-12-01T10:55:44 AST" duration-ms="11475">
      <class name="com.opensooq.search.SearchCar">
        <test-method is-config="true" signature="LoginToWebSite()[pri:0, instance:com.opensooq.search.SearchCar@4135c3b]" started-at="2022-12-01T10:55:32 AST" name="LoginToWebSite" finished-at="2022-12-01T10:55:39 AST" duration-ms="6702" status="PASS">
          <reporter-output>
          </reporter-output>
        </test-method> <!-- LoginToWebSite -->
        <test-method signature="serachForExactCar()[pri:0, instance:com.opensooq.search.SearchCar@4135c3b]" started-at="2022-12-01T10:55:39 AST" name="serachForExactCar" finished-at="2022-12-01T10:55:44 AST" duration-ms="4708" status="FAIL">
          <exception class="java.lang.AssertionError">
            <message>
              <![CDATA[The following asserts failed:
expected [BMW X5 2018 in Amman] but found [BMW 530 2020 in Amman],
expected [BMW X5 2018 in Amman] but found [BMW X5 2017 in Amman],
expected [BMW X5 2018 in Amman] but found [BMW 740 2018 in Amman],
expected [BMW X5 2018 in Amman] but found [BMW 740 2018 in Zarqa],
expected [BMW X5 2018 in Amman] but found [BMW 730 2000 in Amman],
expected [BMW X5 2018 in Amman] but found [BMW 740 2017 in Amman],
expected [BMW X5 2018 in Amman] but found [BMW X5 2016 in Amman],
expected [BMW X5 2018 in Amman] but found [BMW 335 2008 in Amman],
expected [BMW X5 2018 in Amman] but found [BMW 520 2004 in Amman],
expected [BMW X5 2018 in Amman] but found [BMW 325 2000 in Amman],
expected [BMW X5 2018 in Amman] but found [BMW 528 2014 in Amman],
expected [BMW X5 2018 in Amman] but found [BMW 330 2018 in Zarqa],
expected [BMW X5 2018 in Amman] but found [BMW X6 2008 in Amman],
expected [BMW X5 2018 in Amman] but found [BMW 318 1999 in Amman],
expected [BMW X5 2018 in Amman] but found [BMW 528 2014 in Amman],
expected [BMW X5 2018 in Amman] but found [BMW 520 2012 in Amman],
expected [BMW X5 2018 in Amman] but found [BMW 428 2014 in Amman],
expected [BMW X5 2018 in Amman] but found [BMW 528 2014 in Amman],
expected [BMW X5 2018 in Amman] but found [BMW 430i 2022 in Amman],
expected [BMW X5 2018 in Amman] but found [BMW X5 M 2022 in Amman],
expected [BMW X5 2018 in Amman] but found [BMW X5 2022 in Amman],
expected [BMW X5 2018 in Amman] but found [BMW X5 M 2018 in Amman],
expected [BMW X5 2018 in Amman] but found [BMW 740 2017 in Amman],
expected [BMW X5 2018 in Amman] but found [BMW X6 2008 in Amman],
expected [BMW X5 2018 in Amman] but found [BMW 335 2008 in Amman],
expected [BMW X5 2018 in Amman] but found [BMW 730 2020 in Amman],
expected [BMW X5 2018 in Amman] but found [BMW 530e 2022 in Amman],
expected [BMW X5 2018 in Amman] but found [BMW 520 2016 in Amman]]]>
            </message>
            <full-stacktrace>
              <![CDATA[java.lang.AssertionError: The following asserts failed:
expected [BMW X5 2018 in Amman] but found [BMW 530 2020 in Amman],
expected [BMW X5 2018 in Amman] but found [BMW X5 2017 in Amman],
expected [BMW X5 2018 in Amman] but found [BMW 740 2018 in Amman],
expected [BMW X5 2018 in Amman] but found [BMW 740 2018 in Zarqa],
expected [BMW X5 2018 in Amman] but found [BMW 730 2000 in Amman],
expected [BMW X5 2018 in Amman] but found [BMW 740 2017 in Amman],
expected [BMW X5 2018 in Amman] but found [BMW X5 2016 in Amman],
expected [BMW X5 2018 in Amman] but found [BMW 335 2008 in Amman],
expected [BMW X5 2018 in Amman] but found [BMW 520 2004 in Amman],
expected [BMW X5 2018 in Amman] but found [BMW 325 2000 in Amman],
expected [BMW X5 2018 in Amman] but found [BMW 528 2014 in Amman],
expected [BMW X5 2018 in Amman] but found [BMW 330 2018 in Zarqa],
expected [BMW X5 2018 in Amman] but found [BMW X6 2008 in Amman],
expected [BMW X5 2018 in Amman] but found [BMW 318 1999 in Amman],
expected [BMW X5 2018 in Amman] but found [BMW 528 2014 in Amman],
expected [BMW X5 2018 in Amman] but found [BMW 520 2012 in Amman],
expected [BMW X5 2018 in Amman] but found [BMW 428 2014 in Amman],
expected [BMW X5 2018 in Amman] but found [BMW 528 2014 in Amman],
expected [BMW X5 2018 in Amman] but found [BMW 430i 2022 in Amman],
expected [BMW X5 2018 in Amman] but found [BMW X5 M 2022 in Amman],
expected [BMW X5 2018 in Amman] but found [BMW X5 2022 in Amman],
expected [BMW X5 2018 in Amman] but found [BMW X5 M 2018 in Amman],
expected [BMW X5 2018 in Amman] but found [BMW 740 2017 in Amman],
expected [BMW X5 2018 in Amman] but found [BMW X6 2008 in Amman],
expected [BMW X5 2018 in Amman] but found [BMW 335 2008 in Amman],
expected [BMW X5 2018 in Amman] but found [BMW 730 2020 in Amman],
expected [BMW X5 2018 in Amman] but found [BMW 530e 2022 in Amman],
expected [BMW X5 2018 in Amman] but found [BMW 520 2016 in Amman]
at org.testng.asserts.SoftAssert.assertAll(SoftAssert.java:46)
at org.testng.asserts.SoftAssert.assertAll(SoftAssert.java:30)
at com.opensooq.search.SearchCar.serachForExactCar(SearchCar.java:70)
at java.base/jdk.internal.reflect.DirectMethodHandleAccessor.invoke(DirectMethodHandleAccessor.java:104)
at java.base/java.lang.reflect.Method.invoke(Method.java:578)
at org.testng.internal.invokers.MethodInvocationHelper.invokeMethod(MethodInvocationHelper.java:139)
at org.testng.internal.invokers.TestInvoker.invokeMethod(TestInvoker.java:677)
at org.testng.internal.invokers.TestInvoker.invokeTestMethod(TestInvoker.java:221)
at org.testng.internal.invokers.MethodRunner.runInSequence(MethodRunner.java:50)
at org.testng.internal.invokers.TestInvoker$MethodInvocationAgent.invoke(TestInvoker.java:962)
at org.testng.internal.invokers.TestInvoker.invokeTestMethods(TestInvoker.java:194)
at org.testng.internal.invokers.TestMethodWorker.invokeTestMethods(TestMethodWorker.java:148)
at org.testng.internal.invokers.TestMethodWorker.run(TestMethodWorker.java:128)
at java.base/java.util.ArrayList.forEach(ArrayList.java:1511)
at org.testng.TestRunner.privateRun(TestRunner.java:806)
at org.testng.TestRunner.run(TestRunner.java:601)
at org.testng.SuiteRunner.runTest(SuiteRunner.java:433)
at org.testng.SuiteRunner.runSequentially(SuiteRunner.java:427)
at org.testng.SuiteRunner.privateRun(SuiteRunner.java:387)
at org.testng.SuiteRunner.run(SuiteRunner.java:330)
at org.testng.SuiteRunnerWorker.runSuite(SuiteRunnerWorker.java:52)
at org.testng.SuiteRunnerWorker.run(SuiteRunnerWorker.java:95)
at org.testng.TestNG.runSuitesSequentially(TestNG.java:1256)
at org.testng.TestNG.runSuitesLocally(TestNG.java:1176)
at org.testng.TestNG.runSuites(TestNG.java:1099)
at org.testng.TestNG.run(TestNG.java:1067)
at org.testng.remote.AbstractRemoteTestNG.run(AbstractRemoteTestNG.java:115)
at org.testng.remote.RemoteTestNG.initAndRun(RemoteTestNG.java:251)
at org.testng.remote.RemoteTestNG.main(RemoteTestNG.java:77)
]]>
            </full-stacktrace>
          </exception> <!-- java.lang.AssertionError -->
          <reporter-output>
          </reporter-output>
        </test-method> <!-- serachForExactCar -->
      </class> <!-- com.opensooq.search.SearchCar -->
    </test> <!-- Default test -->
  </suite> <!-- Default suite -->
</testng-results>
